2005.10.03 18:48 B D:\[praticaweb]\config\ceriale\tab\pe\abitabi.tab --> ftp.praticaweb.it /config/ceriale/tab/pe abitabi.tab
2005.10.03 18:48 B D:\[praticaweb]\config\ceriale\tab\pe\asservimenti_edit.tab --> ftp.praticaweb.it /config/ceriale/tab/pe asservimenti_edit.tab
2005.10.03 18:48 B D:\[praticaweb]\config\ceriale\tab\pe\asservimenti_mappali_edit.tab --> ftp.praticaweb.it /config/ceriale/tab/pe asservimenti_mappali_edit.tab
2005.10.03 18:48 B D:\[praticaweb]\config\ceriale\tab\pe\asservimenti_mappali_new.tab --> ftp.praticaweb.it /config/ceriale/tab/pe asservimenti_mappali_new.tab
2005.10.03 18:48 B D:\[praticaweb]\config\ceriale\tab\pe\asservimenti_mappali_view.tab --> ftp.praticaweb.it /config/ceriale/tab/pe asservimenti_mappali_view.tab
2005.10.03 18:48 B D:\[praticaweb]\config\ceriale\tab\pe\asservimenti_view.tab --> ftp.praticaweb.it /config/ceriale/tab/pe asservimenti_view.tab
2005.10.03 18:48 B D:\[praticaweb]\config\ceriale\tab\pe\avvio_procedimento_edit.tab --> ftp.praticaweb.it /config/ceriale/tab/pe avvio_procedimento_edit.tab
2005.10.03 18:48 B D:\[praticaweb]\config\ceriale\tab\pe\avvio_procedimento_view.tab --> ftp.praticaweb.it /config/ceriale/tab/pe avvio_procedimento_view.tab
2005.10.03 18:48 B D:\[praticaweb]\config\ceriale\tab\pe\catasto_terreni_edit.tab --> ftp.praticaweb.it /config/ceriale/tab/pe catasto_terreni_edit.tab
2005.10.03 18:48 B D:\[praticaweb]\config\ceriale\tab\pe\catasto_terreni_new.tab --> ftp.praticaweb.it /config/ceriale/tab/pe catasto_terreni_new.tab
2005.10.03 18:48 B D:\[praticaweb]\config\ceriale\tab\pe\catasto_terreni_view.tab --> ftp.praticaweb.it /config/ceriale/tab/pe catasto_terreni_view.tab
2005.10.03 18:48 B D:\[praticaweb]\config\ceriale\tab\pe\catasto_urbano_edit.tab --> ftp.praticaweb.it /config/ceriale/tab/pe catasto_urbano_edit.tab
2005.10.03 18:48 B D:\[praticaweb]\config\ceriale\tab\pe\catasto_urbano_new.tab --> ftp.praticaweb.it /config/ceriale/tab/pe catasto_urbano_new.tab
2005.10.03 18:48 B D:\[praticaweb]\config\ceriale\tab\pe\catasto_urbano_view.tab --> ftp.praticaweb.it /config/ceriale/tab/pe catasto_urbano_view.tab
2005.10.03 18:48 B D:\[praticaweb]\config\ceriale\tab\pe\Copia di zone_pratica_edit.tab --> ftp.praticaweb.it /config/ceriale/tab/pe Copia di zone_pratica_edit.tab
2005.10.03 18:48 B D:\[praticaweb]\config\ceriale\tab\pe\Copia di zone_pratica_view.tab --> ftp.praticaweb.it /config/ceriale/tab/pe Copia di zone_pratica_view.tab
2005.10.03 18:48 B D:\[praticaweb]\config\ceriale\tab\pe\doc_allegati_edit.tab --> ftp.praticaweb.it /config/ceriale/tab/pe doc_allegati_edit.tab
2005.10.03 18:48 B D:\[praticaweb]\config\ceriale\tab\pe\doc_allegati_view.tab --> ftp.praticaweb.it /config/ceriale/tab/pe doc_allegati_view.tab
2005.10.03 18:48 B D:\[praticaweb]\config\ceriale\tab\pe\doc_dettaglio_edit.tab --> ftp.praticaweb.it /config/ceriale/tab/pe doc_dettaglio_edit.tab
2005.10.03 18:48 B D:\[praticaweb]\config\ceriale\tab\pe\doc_dettaglio_view.tab --> ftp.praticaweb.it /config/ceriale/tab/pe doc_dettaglio_view.tab
2005.10.03 18:48 B D:\[praticaweb]\config\ceriale\tab\pe\doc_elenco_edit.tab --> ftp.praticaweb.it /config/ceriale/tab/pe doc_elenco_edit.tab
2005.10.03 18:48 B D:\[praticaweb]\config\ceriale\tab\pe\doc_integrati_edit.tab --> ftp.praticaweb.it /config/ceriale/tab/pe doc_integrati_edit.tab
2005.10.03 18:48 B D:\[praticaweb]\config\ceriale\tab\pe\doc_integrati_view.tab --> ftp.praticaweb.it /config/ceriale/tab/pe doc_integrati_view.tab
2005.10.03 18:48 B D:\[praticaweb]\config\ceriale\tab\pe\doc_mancanti_view.tab --> ftp.praticaweb.it /config/ceriale/tab/pe doc_mancanti_view.tab
2005.10.03 18:48 B D:\[praticaweb]\config\ceriale\tab\pe\elenco_richiedenti.tab --> ftp.praticaweb.it /config/ceriale/tab/pe elenco_richiedenti.tab
2005.10.03 18:48 B D:\[praticaweb]\config\ceriale\tab\pe\elenco_soggetti.tab --> ftp.praticaweb.it /config/ceriale/tab/pe elenco_soggetti.tab
2005.10.03 18:48 B D:\[praticaweb]\config\ceriale\tab\pe\elenco_tecnici.tab --> ftp.praticaweb.it /config/ceriale/tab/pe elenco_tecnici.tab
2005.10.03 18:48 B D:\[praticaweb]\config\ceriale\tab\pe\elimina.tab --> ftp.praticaweb.it /config/ceriale/tab/pe elimina.tab
2005.10.03 18:48 B D:\[praticaweb]\config\ceriale\tab\pe\esecutore_edit.tab --> ftp.praticaweb.it /config/ceriale/tab/pe esecutore_edit.tab
2005.10.03 18:48 B D:\[praticaweb]\config\ceriale\tab\pe\esecutore_view.tab --> ftp.praticaweb.it /config/ceriale/tab/pe esecutore_view.tab
2005.10.03 18:48 B D:\[praticaweb]\config\ceriale\tab\pe\esecutore_voltura_edit.tab --> ftp.praticaweb.it /config/ceriale/tab/pe esecutore_voltura_edit.tab
2005.10.03 18:48 B D:\[praticaweb]\config\ceriale\tab\pe\foto.tab --> ftp.praticaweb.it /config/ceriale/tab/pe foto.tab
2005.10.03 18:48 B D:\[praticaweb]\config\ceriale\tab\pe\indirizzi_edit.tab --> ftp.praticaweb.it /config/ceriale/tab/pe indirizzi_edit.tab
2005.10.03 18:48 B D:\[praticaweb]\config\ceriale\tab\pe\indirizzi_new.tab --> ftp.praticaweb.it /config/ceriale/tab/pe indirizzi_new.tab
2005.10.03 18:48 B D:\[praticaweb]\config\ceriale\tab\pe\indirizzi_view.tab --> ftp.praticaweb.it /config/ceriale/tab/pe indirizzi_view.tab
2005.10.03 18:48 B D:\[praticaweb]\config\ceriale\tab\pe\infodia_edit.tab --> ftp.praticaweb.it /config/ceriale/tab/pe infodia_edit.tab
2005.10.03 18:48 B D:\[praticaweb]\config\ceriale\tab\pe\infodia_view.tab --> ftp.praticaweb.it /config/ceriale/tab/pe infodia_view.tab
2005.10.03 18:48 B D:\[praticaweb]\config\ceriale\tab\pe\infodianodia_view.tab --> ftp.praticaweb.it /config/ceriale/tab/pe infodianodia_view.tab
2005.10.03 18:48 B D:\[praticaweb]\config\ceriale\tab\pe\integrazioni_edit.tab --> ftp.praticaweb.it /config/ceriale/tab/pe integrazioni_edit.tab
2005.10.03 18:48 B D:\[praticaweb]\config\ceriale\tab\pe\integrazioni_view.tab --> ftp.praticaweb.it /config/ceriale/tab/pe integrazioni_view.tab
2005.10.03 18:48 B D:\[praticaweb]\config\ceriale\tab\pe\iter_edit.tab --> ftp.praticaweb.it /config/ceriale/tab/pe iter_edit.tab
2005.10.03 18:48 B D:\[praticaweb]\config\ceriale\tab\pe\iter_new.tab --> ftp.praticaweb.it /config/ceriale/tab/pe iter_new.tab
2005.10.03 18:48 B D:\[praticaweb]\config\ceriale\tab\pe\iter_view.tab --> ftp.praticaweb.it /config/ceriale/tab/pe iter_view.tab
2005.10.03 18:48 B D:\[praticaweb]\config\ceriale\tab\pe\lavori_edit.tab --> ftp.praticaweb.it /config/ceriale/tab/pe lavori_edit.tab
2005.10.03 18:48 B D:\[praticaweb]\config\ceriale\tab\pe\lavori_view.tab --> ftp.praticaweb.it /config/ceriale/tab/pe lavori_view.tab
2005.10.03 18:48 B D:\[praticaweb]\config\ceriale\tab\pe\nuova_pratica.tab --> ftp.praticaweb.it /config/ceriale/tab/pe nuova_pratica.tab
2005.10.03 18:48 B D:\[praticaweb]\config\ceriale\tab\pe\parametri_edit.tab --> ftp.praticaweb.it /config/ceriale/tab/pe parametri_edit.tab
2005.10.03 18:48 B D:\[praticaweb]\config\ceriale\tab\pe\parametri_new.tab --> ftp.praticaweb.it /config/ceriale/tab/pe parametri_new.tab
2005.10.03 18:48 B D:\[praticaweb]\config\ceriale\tab\pe\parametri_view.tab --> ftp.praticaweb.it /config/ceriale/tab/pe parametri_view.tab
2005.10.03 18:48 B D:\[praticaweb]\config\ceriale\tab\pe\pareri_edit.tab --> ftp.praticaweb.it /config/ceriale/tab/pe pareri_edit.tab
2005.10.03 18:48 B D:\[praticaweb]\config\ceriale\tab\pe\pareri_new.tab --> ftp.praticaweb.it /config/ceriale/tab/pe pareri_new.tab
2005.10.03 18:48 B D:\[praticaweb]\config\ceriale\tab\pe\pareri_view.tab --> ftp.praticaweb.it /config/ceriale/tab/pe pareri_view.tab
2005.10.03 18:48 B D:\[praticaweb]\config\ceriale\tab\pe\progetto_edit.tab --> ftp.praticaweb.it /config/ceriale/tab/pe progetto_edit.tab
2005.10.03 18:48 B D:\[praticaweb]\config\ceriale\tab\pe\progetto_view.tab --> ftp.praticaweb.it /config/ceriale/tab/pe progetto_view.tab
2005.10.03 18:48 B D:\[praticaweb]\config\ceriale\tab\pe\proroga_edit.tab --> ftp.praticaweb.it /config/ceriale/tab/pe proroga_edit.tab
2005.10.03 18:48 B D:\[praticaweb]\config\ceriale\tab\pe\proroga_view.tab --> ftp.praticaweb.it /config/ceriale/tab/pe proroga_view.tab
2005.10.03 18:48 B D:\[praticaweb]\config\ceriale\tab\pe\ricerca.tab --> ftp.praticaweb.it /config/ceriale/tab/pe ricerca.tab
2005.10.03 18:48 B D:\[praticaweb]\config\ceriale\tab\pe\ricerca_avanzata.tab --> ftp.praticaweb.it /config/ceriale/tab/pe ricerca_avanzata.tab
2005.10.03 18:48 B D:\[praticaweb]\config\ceriale\tab\pe\richiedente_edit.tab --> ftp.praticaweb.it /config/ceriale/tab/pe richiedente_edit.tab
2005.10.03 18:48 B D:\[praticaweb]\config\ceriale\tab\pe\richiedente_view.tab --> ftp.praticaweb.it /config/ceriale/tab/pe richiedente_view.tab
2005.10.03 18:48 B D:\[praticaweb]\config\ceriale\tab\pe\richiedente_voltura_edit.tab --> ftp.praticaweb.it /config/ceriale/tab/pe richiedente_voltura_edit.tab
2005.10.03 18:48 B D:\[praticaweb]\config\ceriale\tab\pe\riferimenti.tab --> ftp.praticaweb.it /config/ceriale/tab/pe riferimenti.tab
2005.10.03 18:48 B D:\[praticaweb]\config\ceriale\tab\pe\riferimenti_obbligatori.tab --> ftp.praticaweb.it /config/ceriale/tab/pe riferimenti_obbligatori.tab
2005.10.03 18:48 B D:\[praticaweb]\config\ceriale\tab\pe\soggetto_edit.tab --> ftp.praticaweb.it /config/ceriale/tab/pe soggetto_edit.tab
2005.10.03 18:48 B D:\[praticaweb]\config\ceriale\tab\pe\soggetto_nuovo.tab --> ftp.praticaweb.it /config/ceriale/tab/pe soggetto_nuovo.tab
2005.10.03 18:48 B D:\[praticaweb]\config\ceriale\tab\pe\soggetto_view.tab --> ftp.praticaweb.it /config/ceriale/tab/pe soggetto_view.tab
2005.10.03 18:48 B D:\[praticaweb]\config\ceriale\tab\pe\sopralluoghi_edit.tab --> ftp.praticaweb.it /config/ceriale/tab/pe sopralluoghi_edit.tab
2005.10.03 18:48 B D:\[praticaweb]\config\ceriale\tab\pe\sopralluoghi_view.tab --> ftp.praticaweb.it /config/ceriale/tab/pe sopralluoghi_view.tab
2005.10.03 18:48 B D:\[praticaweb]\config\ceriale\tab\pe\tecnico_edit.tab --> ftp.praticaweb.it /config/ceriale/tab/pe tecnico_edit.tab
2005.10.03 18:48 B D:\[praticaweb]\config\ceriale\tab\pe\tecnico_view.tab --> ftp.praticaweb.it /config/ceriale/tab/pe tecnico_view.tab
2005.10.03 18:48 B D:\[praticaweb]\config\ceriale\tab\pe\tecnico_voltura_edit.tab --> ftp.praticaweb.it /config/ceriale/tab/pe tecnico_voltura_edit.tab
2005.10.03 18:48 B D:\[praticaweb]\config\ceriale\tab\pe\titolo_edit.tab --> ftp.praticaweb.it /config/ceriale/tab/pe titolo_edit.tab
2005.10.03 18:48 B D:\[praticaweb]\config\ceriale\tab\pe\titolo_view.tab --> ftp.praticaweb.it /config/ceriale/tab/pe titolo_view.tab
2005.10.03 18:48 B D:\[praticaweb]\config\ceriale\tab\pe\voltura_edit.tab --> ftp.praticaweb.it /config/ceriale/tab/pe voltura_edit.tab
2005.10.03 18:48 B D:\[praticaweb]\config\ceriale\tab\pe\voltura_view.tab --> ftp.praticaweb.it /config/ceriale/tab/pe voltura_view.tab
2005.10.03 18:48 B D:\[praticaweb]\config\ceriale\tab\pe\zone_elenco.tab --> ftp.praticaweb.it /config/ceriale/tab/pe zone_elenco.tab
2005.10.03 18:48 B D:\[praticaweb]\config\ceriale\tab\pe\zone_pratica_edit.tab --> ftp.praticaweb.it /config/ceriale/tab/pe zone_pratica_edit.tab
2005.10.03 18:48 B D:\[praticaweb]\config\ceriale\tab\pe\zone_pratica_new.tab --> ftp.praticaweb.it /config/ceriale/tab/pe zone_pratica_new.tab
2005.10.03 18:48 B D:\[praticaweb]\config\ceriale\tab\pe\zone_pratica_view.tab --> ftp.praticaweb.it /config/ceriale/tab/pe zone_pratica_view.tab
2005.10.06 16:33 B C:\temp\config\ceriale\tab\pe\abitabi.tab --> ftp.praticaweb.it /config/ceriale/tab/pe abitabi.tab
2005.10.06 16:33 B C:\temp\config\ceriale\tab\pe\asservimenti_edit.tab --> ftp.praticaweb.it /config/ceriale/tab/pe asservimenti_edit.tab
2005.10.06 16:33 B C:\temp\config\ceriale\tab\pe\asservimenti_mappali_edit.tab --> ftp.praticaweb.it /config/ceriale/tab/pe asservimenti_mappali_edit.tab
2005.10.06 16:33 B C:\temp\config\ceriale\tab\pe\asservimenti_mappali_new.tab --> ftp.praticaweb.it /config/ceriale/tab/pe asservimenti_mappali_new.tab
2005.10.06 16:33 B C:\temp\config\ceriale\tab\pe\asservimenti_mappali_view.tab --> ftp.praticaweb.it /config/ceriale/tab/pe asservimenti_mappali_view.tab
2005.10.06 16:33 B C:\temp\config\ceriale\tab\pe\asservimenti_view.tab --> ftp.praticaweb.it /config/ceriale/tab/pe asservimenti_view.tab
2005.10.06 16:33 B C:\temp\config\ceriale\tab\pe\avvio_procedimento_edit.tab --> ftp.praticaweb.it /config/ceriale/tab/pe avvio_procedimento_edit.tab
2005.10.06 16:34 B C:\temp\config\ceriale\tab\pe\avvio_procedimento_view.tab --> ftp.praticaweb.it /config/ceriale/tab/pe avvio_procedimento_view.tab
2005.10.06 16:34 B C:\temp\config\ceriale\tab\pe\catasto_terreni_edit.tab --> ftp.praticaweb.it /config/ceriale/tab/pe catasto_terreni_edit.tab
2005.10.06 16:34 B C:\temp\config\ceriale\tab\pe\catasto_terreni_new.tab --> ftp.praticaweb.it /config/ceriale/tab/pe catasto_terreni_new.tab
2005.10.06 16:34 B C:\temp\config\ceriale\tab\pe\catasto_terreni_view.tab --> ftp.praticaweb.it /config/ceriale/tab/pe catasto_terreni_view.tab
2005.10.06 16:34 B C:\temp\config\ceriale\tab\pe\catasto_urbano_edit.tab --> ftp.praticaweb.it /config/ceriale/tab/pe catasto_urbano_edit.tab
2005.10.06 16:34 B C:\temp\config\ceriale\tab\pe\catasto_urbano_new.tab --> ftp.praticaweb.it /config/ceriale/tab/pe catasto_urbano_new.tab
2005.10.06 16:34 B C:\temp\config\ceriale\tab\pe\catasto_urbano_view.tab --> ftp.praticaweb.it /config/ceriale/tab/pe catasto_urbano_view.tab
2005.10.06 16:34 B C:\temp\config\ceriale\tab\pe\Copia di zone_pratica_edit.tab --> ftp.praticaweb.it /config/ceriale/tab/pe Copia di zone_pratica_edit.tab
2005.10.06 16:34 B C:\temp\config\ceriale\tab\pe\Copia di zone_pratica_view.tab --> ftp.praticaweb.it /config/ceriale/tab/pe Copia di zone_pratica_view.tab
2005.10.06 16:34 B C:\temp\config\ceriale\tab\pe\doc_allegati_edit.tab --> ftp.praticaweb.it /config/ceriale/tab/pe doc_allegati_edit.tab
2005.10.06 16:34 B C:\temp\config\ceriale\tab\pe\doc_allegati_view.tab --> ftp.praticaweb.it /config/ceriale/tab/pe doc_allegati_view.tab
2005.10.06 16:34 B C:\temp\config\ceriale\tab\pe\doc_dettaglio_edit.tab --> ftp.praticaweb.it /config/ceriale/tab/pe doc_dettaglio_edit.tab
2005.10.06 16:34 B C:\temp\config\ceriale\tab\pe\doc_dettaglio_view.tab --> ftp.praticaweb.it /config/ceriale/tab/pe doc_dettaglio_view.tab
2005.10.06 16:34 B C:\temp\config\ceriale\tab\pe\doc_elenco_edit.tab --> ftp.praticaweb.it /config/ceriale/tab/pe doc_elenco_edit.tab
2005.10.06 16:34 B C:\temp\config\ceriale\tab\pe\doc_integrati_edit.tab --> ftp.praticaweb.it /config/ceriale/tab/pe doc_integrati_edit.tab
2005.10.06 16:34 B C:\temp\config\ceriale\tab\pe\doc_integrati_view.tab --> ftp.praticaweb.it /config/ceriale/tab/pe doc_integrati_view.tab
2005.10.06 16:34 B C:\temp\config\ceriale\tab\pe\doc_mancanti_view.tab --> ftp.praticaweb.it /config/ceriale/tab/pe doc_mancanti_view.tab
2005.10.06 16:34 B C:\temp\config\ceriale\tab\pe\elenco_richiedenti.tab --> ftp.praticaweb.it /config/ceriale/tab/pe elenco_richiedenti.tab
2005.10.06 16:34 B C:\temp\config\ceriale\tab\pe\elenco_soggetti.tab --> ftp.praticaweb.it /config/ceriale/tab/pe elenco_soggetti.tab
2005.10.06 16:34 B C:\temp\config\ceriale\tab\pe\elenco_tecnici.tab --> ftp.praticaweb.it /config/ceriale/tab/pe elenco_tecnici.tab
2005.10.06 16:34 B C:\temp\config\ceriale\tab\pe\elimina.tab --> ftp.praticaweb.it /config/ceriale/tab/pe elimina.tab
2005.10.06 16:34 B C:\temp\config\ceriale\tab\pe\esecutore_edit.tab --> ftp.praticaweb.it /config/ceriale/tab/pe esecutore_edit.tab
2005.10.06 16:34 B C:\temp\config\ceriale\tab\pe\esecutore_view.tab --> ftp.praticaweb.it /config/ceriale/tab/pe esecutore_view.tab
2005.10.06 16:34 B C:\temp\config\ceriale\tab\pe\esecutore_voltura_edit.tab --> ftp.praticaweb.it /config/ceriale/tab/pe esecutore_voltura_edit.tab
2005.10.06 16:34 B C:\temp\config\ceriale\tab\pe\foto.tab --> ftp.praticaweb.it /config/ceriale/tab/pe foto.tab
2005.10.06 16:34 B C:\temp\config\ceriale\tab\pe\indirizzi_edit.tab --> ftp.praticaweb.it /config/ceriale/tab/pe indirizzi_edit.tab
2005.10.06 16:34 B C:\temp\config\ceriale\tab\pe\indirizzi_new.tab --> ftp.praticaweb.it /config/ceriale/tab/pe indirizzi_new.tab
2005.10.06 16:34 B C:\temp\config\ceriale\tab\pe\indirizzi_view.tab --> ftp.praticaweb.it /config/ceriale/tab/pe indirizzi_view.tab
2005.10.06 16:34 B C:\temp\config\ceriale\tab\pe\infodia_edit.tab --> ftp.praticaweb.it /config/ceriale/tab/pe infodia_edit.tab
2005.10.06 16:34 B C:\temp\config\ceriale\tab\pe\infodia_view.tab --> ftp.praticaweb.it /config/ceriale/tab/pe infodia_view.tab
2005.10.06 16:34 B C:\temp\config\ceriale\tab\pe\infodianodia_view.tab --> ftp.praticaweb.it /config/ceriale/tab/pe infodianodia_view.tab
2005.10.06 16:34 B C:\temp\config\ceriale\tab\pe\integrazioni_edit.tab --> ftp.praticaweb.it /config/ceriale/tab/pe integrazioni_edit.tab
2005.10.06 16:34 B C:\temp\config\ceriale\tab\pe\integrazioni_view.tab --> ftp.praticaweb.it /config/ceriale/tab/pe integrazioni_view.tab
2005.10.06 16:34 B C:\temp\config\ceriale\tab\pe\iter_edit.tab --> ftp.praticaweb.it /config/ceriale/tab/pe iter_edit.tab
2005.10.06 16:34 B C:\temp\config\ceriale\tab\pe\iter_new.tab --> ftp.praticaweb.it /config/ceriale/tab/pe iter_new.tab
2005.10.06 16:34 B C:\temp\config\ceriale\tab\pe\iter_view.tab --> ftp.praticaweb.it /config/ceriale/tab/pe iter_view.tab
2005.10.06 16:34 B C:\temp\config\ceriale\tab\pe\lavori_edit.tab --> ftp.praticaweb.it /config/ceriale/tab/pe lavori_edit.tab
2005.10.06 16:34 B C:\temp\config\ceriale\tab\pe\lavori_view.tab --> ftp.praticaweb.it /config/ceriale/tab/pe lavori_view.tab
2005.10.06 16:34 B C:\temp\config\ceriale\tab\pe\nuova_pratica.tab --> ftp.praticaweb.it /config/ceriale/tab/pe nuova_pratica.tab
2005.10.06 16:34 B C:\temp\config\ceriale\tab\pe\parametri_edit.tab --> ftp.praticaweb.it /config/ceriale/tab/pe parametri_edit.tab
2005.10.06 16:34 B C:\temp\config\ceriale\tab\pe\parametri_new.tab --> ftp.praticaweb.it /config/ceriale/tab/pe parametri_new.tab
2005.10.06 16:34 B C:\temp\config\ceriale\tab\pe\parametri_view.tab --> ftp.praticaweb.it /config/ceriale/tab/pe parametri_view.tab
2005.10.06 16:34 B C:\temp\config\ceriale\tab\pe\pareri_edit.tab --> ftp.praticaweb.it /config/ceriale/tab/pe pareri_edit.tab
2005.10.06 16:34 B C:\temp\config\ceriale\tab\pe\pareri_new.tab --> ftp.praticaweb.it /config/ceriale/tab/pe pareri_new.tab
2005.10.06 16:34 B C:\temp\config\ceriale\tab\pe\pareri_view.tab --> ftp.praticaweb.it /config/ceriale/tab/pe pareri_view.tab
2005.10.06 16:34 B C:\temp\config\ceriale\tab\pe\progetto_edit.tab --> ftp.praticaweb.it /config/ceriale/tab/pe progetto_edit.tab
2005.10.06 16:34 B C:\temp\config\ceriale\tab\pe\progetto_view.tab --> ftp.praticaweb.it /config/ceriale/tab/pe progetto_view.tab
2005.10.06 16:34 B C:\temp\config\ceriale\tab\pe\proroga_edit.tab --> ftp.praticaweb.it /config/ceriale/tab/pe proroga_edit.tab
2005.10.06 16:34 B C:\temp\config\ceriale\tab\pe\proroga_view.tab --> ftp.praticaweb.it /config/ceriale/tab/pe proroga_view.tab
2005.10.06 16:34 B C:\temp\config\ceriale\tab\pe\ricerca.tab --> ftp.praticaweb.it /config/ceriale/tab/pe ricerca.tab
2005.10.06 16:34 B C:\temp\config\ceriale\tab\pe\ricerca_avanzata.tab --> ftp.praticaweb.it /config/ceriale/tab/pe ricerca_avanzata.tab
2005.10.06 16:34 B C:\temp\config\ceriale\tab\pe\richiedente_edit.tab --> ftp.praticaweb.it /config/ceriale/tab/pe richiedente_edit.tab
2005.10.06 16:34 B C:\temp\config\ceriale\tab\pe\richiedente_view.tab --> ftp.praticaweb.it /config/ceriale/tab/pe richiedente_view.tab
2005.10.06 16:34 B C:\temp\config\ceriale\tab\pe\richiedente_voltura_edit.tab --> ftp.praticaweb.it /config/ceriale/tab/pe richiedente_voltura_edit.tab
2005.10.06 16:34 B C:\temp\config\ceriale\tab\pe\riferimenti.tab --> ftp.praticaweb.it /config/ceriale/tab/pe riferimenti.tab
2005.10.06 16:34 B C:\temp\config\ceriale\tab\pe\riferimenti_obbligatori.tab --> ftp.praticaweb.it /config/ceriale/tab/pe riferimenti_obbligatori.tab
2005.10.06 16:34 B C:\temp\config\ceriale\tab\pe\soggetto_edit.tab --> ftp.praticaweb.it /config/ceriale/tab/pe soggetto_edit.tab
2005.10.06 16:34 B C:\temp\config\ceriale\tab\pe\soggetto_nuovo.tab --> ftp.praticaweb.it /config/ceriale/tab/pe soggetto_nuovo.tab
2005.10.06 16:34 B C:\temp\config\ceriale\tab\pe\soggetto_view.tab --> ftp.praticaweb.it /config/ceriale/tab/pe soggetto_view.tab
2005.10.06 16:34 B C:\temp\config\ceriale\tab\pe\sopralluoghi_edit.tab --> ftp.praticaweb.it /config/ceriale/tab/pe sopralluoghi_edit.tab
2005.10.06 16:34 B C:\temp\config\ceriale\tab\pe\sopralluoghi_view.tab --> ftp.praticaweb.it /config/ceriale/tab/pe sopralluoghi_view.tab
2005.10.06 16:34 B C:\temp\config\ceriale\tab\pe\tecnico_edit.tab --> ftp.praticaweb.it /config/ceriale/tab/pe tecnico_edit.tab
2005.10.06 16:34 B C:\temp\config\ceriale\tab\pe\tecnico_view.tab --> ftp.praticaweb.it /config/ceriale/tab/pe tecnico_view.tab
2005.10.06 16:34 B C:\temp\config\ceriale\tab\pe\tecnico_voltura_edit.tab --> ftp.praticaweb.it /config/ceriale/tab/pe tecnico_voltura_edit.tab
2005.10.06 16:35 B C:\temp\config\ceriale\tab\pe\titolo_edit.tab --> ftp.praticaweb.it /config/ceriale/tab/pe titolo_edit.tab
2005.10.06 16:35 B C:\temp\config\ceriale\tab\pe\titolo_view.tab --> ftp.praticaweb.it /config/ceriale/tab/pe titolo_view.tab
2005.10.06 16:35 B C:\temp\config\ceriale\tab\pe\voltura_edit.tab --> ftp.praticaweb.it /config/ceriale/tab/pe voltura_edit.tab
2005.10.06 16:35 B C:\temp\config\ceriale\tab\pe\voltura_view.tab --> ftp.praticaweb.it /config/ceriale/tab/pe voltura_view.tab
2005.10.10 09:14 B D:\[praticaweb]\config\ceriale\tab\pe\abitabi.tab --> ftp.praticaweb.it /tab/pe abitabi.tab
2005.10.10 09:14 B D:\[praticaweb]\config\ceriale\tab\pe\asservimenti_edit.tab --> ftp.praticaweb.it /tab/pe asservimenti_edit.tab
2005.10.10 09:14 B D:\[praticaweb]\config\ceriale\tab\pe\asservimenti_mappali_edit.tab --> ftp.praticaweb.it /tab/pe asservimenti_mappali_edit.tab
2005.10.10 09:14 B D:\[praticaweb]\config\ceriale\tab\pe\asservimenti_mappali_new.tab --> ftp.praticaweb.it /tab/pe asservimenti_mappali_new.tab
2005.10.10 09:14 B D:\[praticaweb]\config\ceriale\tab\pe\asservimenti_mappali_view.tab --> ftp.praticaweb.it /tab/pe asservimenti_mappali_view.tab
2005.10.10 09:15 B D:\[praticaweb]\config\ceriale\tab\pe\asservimenti_view.tab --> ftp.praticaweb.it /tab/pe asservimenti_view.tab
2005.10.10 09:15 B D:\[praticaweb]\config\ceriale\tab\pe\avvio_procedimento_edit.tab --> ftp.praticaweb.it /tab/pe avvio_procedimento_edit.tab
2005.10.10 09:15 B D:\[praticaweb]\config\ceriale\tab\pe\avvio_procedimento_view.tab --> ftp.praticaweb.it /tab/pe avvio_procedimento_view.tab
2005.10.10 09:15 B D:\[praticaweb]\config\ceriale\tab\pe\catasto_terreni_edit.tab --> ftp.praticaweb.it /tab/pe catasto_terreni_edit.tab
2005.10.10 09:15 B D:\[praticaweb]\config\ceriale\tab\pe\catasto_terreni_new.tab --> ftp.praticaweb.it /tab/pe catasto_terreni_new.tab
2005.10.10 09:15 B D:\[praticaweb]\config\ceriale\tab\pe\catasto_terreni_view.tab --> ftp.praticaweb.it /tab/pe catasto_terreni_view.tab
2005.10.10 09:15 B D:\[praticaweb]\config\ceriale\tab\pe\catasto_urbano_edit.tab --> ftp.praticaweb.it /tab/pe catasto_urbano_edit.tab
2005.10.10 09:15 B D:\[praticaweb]\config\ceriale\tab\pe\catasto_urbano_new.tab --> ftp.praticaweb.it /tab/pe catasto_urbano_new.tab
2005.10.10 09:15 B D:\[praticaweb]\config\ceriale\tab\pe\catasto_urbano_view.tab --> ftp.praticaweb.it /tab/pe catasto_urbano_view.tab
2005.10.10 09:15 B D:\[praticaweb]\config\ceriale\tab\pe\Copia di zone_pratica_edit.tab --> ftp.praticaweb.it /tab/pe Copia di zone_pratica_edit.tab
2005.10.10 09:15 B D:\[praticaweb]\config\ceriale\tab\pe\Copia di zone_pratica_view.tab --> ftp.praticaweb.it /tab/pe Copia di zone_pratica_view.tab
2005.10.10 09:15 B D:\[praticaweb]\config\ceriale\tab\pe\doc_allegati_edit.tab --> ftp.praticaweb.it /tab/pe doc_allegati_edit.tab
2005.10.10 09:15 B D:\[praticaweb]\config\ceriale\tab\pe\doc_allegati_view.tab --> ftp.praticaweb.it /tab/pe doc_allegati_view.tab
2005.10.10 09:15 B D:\[praticaweb]\config\ceriale\tab\pe\doc_dettaglio_edit.tab --> ftp.praticaweb.it /tab/pe doc_dettaglio_edit.tab
2005.10.10 09:15 B D:\[praticaweb]\config\ceriale\tab\pe\doc_dettaglio_view.tab --> ftp.praticaweb.it /tab/pe doc_dettaglio_view.tab
2005.10.10 09:15 B D:\[praticaweb]\config\ceriale\tab\pe\doc_elenco_edit.tab --> ftp.praticaweb.it /tab/pe doc_elenco_edit.tab
2005.10.10 09:15 B D:\[praticaweb]\config\ceriale\tab\pe\doc_integrati_edit.tab --> ftp.praticaweb.it /tab/pe doc_integrati_edit.tab
2005.10.10 09:15 B D:\[praticaweb]\config\ceriale\tab\pe\doc_integrati_view.tab --> ftp.praticaweb.it /tab/pe doc_integrati_view.tab
2005.10.10 09:15 B D:\[praticaweb]\config\ceriale\tab\pe\doc_mancanti_view.tab --> ftp.praticaweb.it /tab/pe doc_mancanti_view.tab
2005.10.10 09:15 B D:\[praticaweb]\config\ceriale\tab\pe\elenco_richiedenti.tab --> ftp.praticaweb.it /tab/pe elenco_richiedenti.tab
2005.10.10 09:15 B D:\[praticaweb]\config\ceriale\tab\pe\elenco_soggetti.tab --> ftp.praticaweb.it /tab/pe elenco_soggetti.tab
2005.10.10 09:15 B D:\[praticaweb]\config\ceriale\tab\pe\elenco_tecnici.tab --> ftp.praticaweb.it /tab/pe elenco_tecnici.tab
2005.10.10 09:15 B D:\[praticaweb]\config\ceriale\tab\pe\elimina.tab --> ftp.praticaweb.it /tab/pe elimina.tab
2005.10.10 09:15 B D:\[praticaweb]\config\ceriale\tab\pe\esecutore_edit.tab --> ftp.praticaweb.it /tab/pe esecutore_edit.tab
2005.10.10 09:15 B D:\[praticaweb]\config\ceriale\tab\pe\esecutore_view.tab --> ftp.praticaweb.it /tab/pe esecutore_view.tab
2005.10.10 09:15 B D:\[praticaweb]\config\ceriale\tab\pe\esecutore_voltura_edit.tab --> ftp.praticaweb.it /tab/pe esecutore_voltura_edit.tab
2005.10.10 09:15 B D:\[praticaweb]\config\ceriale\tab\pe\foto.tab --> ftp.praticaweb.it /tab/pe foto.tab
2005.10.10 09:15 B D:\[praticaweb]\config\ceriale\tab\pe\indirizzi_edit.tab --> ftp.praticaweb.it /tab/pe indirizzi_edit.tab
2005.10.10 09:15 B D:\[praticaweb]\config\ceriale\tab\pe\indirizzi_new.tab --> ftp.praticaweb.it /tab/pe indirizzi_new.tab
2005.10.10 09:15 B D:\[praticaweb]\config\ceriale\tab\pe\indirizzi_view.tab --> ftp.praticaweb.it /tab/pe indirizzi_view.tab
2005.10.10 09:15 B D:\[praticaweb]\config\ceriale\tab\pe\infodia_edit.tab --> ftp.praticaweb.it /tab/pe infodia_edit.tab
2005.10.10 09:15 B D:\[praticaweb]\config\ceriale\tab\pe\infodia_view.tab --> ftp.praticaweb.it /tab/pe infodia_view.tab
2005.10.10 09:15 B D:\[praticaweb]\config\ceriale\tab\pe\infodianodia_view.tab --> ftp.praticaweb.it /tab/pe infodianodia_view.tab
2005.10.10 09:15 B D:\[praticaweb]\config\ceriale\tab\pe\integrazioni_edit.tab --> ftp.praticaweb.it /tab/pe integrazioni_edit.tab
2005.10.10 09:15 B D:\[praticaweb]\config\ceriale\tab\pe\integrazioni_view.tab --> ftp.praticaweb.it /tab/pe integrazioni_view.tab
2005.10.10 09:15 B D:\[praticaweb]\config\ceriale\tab\pe\iter_edit.tab --> ftp.praticaweb.it /tab/pe iter_edit.tab
2005.10.10 09:15 B D:\[praticaweb]\config\ceriale\tab\pe\iter_new.tab --> ftp.praticaweb.it /tab/pe iter_new.tab
2005.10.10 09:15 B D:\[praticaweb]\config\ceriale\tab\pe\iter_view.tab --> ftp.praticaweb.it /tab/pe iter_view.tab
2005.10.10 09:15 B D:\[praticaweb]\config\ceriale\tab\pe\lavori_edit.tab --> ftp.praticaweb.it /tab/pe lavori_edit.tab
2005.10.10 09:15 B D:\[praticaweb]\config\ceriale\tab\pe\lavori_view.tab --> ftp.praticaweb.it /tab/pe lavori_view.tab
2005.10.10 09:15 B D:\[praticaweb]\config\ceriale\tab\pe\nuova_pratica.tab --> ftp.praticaweb.it /tab/pe nuova_pratica.tab
2005.10.10 09:15 B D:\[praticaweb]\config\ceriale\tab\pe\parametri_edit.tab --> ftp.praticaweb.it /tab/pe parametri_edit.tab
2005.10.10 09:15 B D:\[praticaweb]\config\ceriale\tab\pe\parametri_new.tab --> ftp.praticaweb.it /tab/pe parametri_new.tab
2005.10.10 09:15 B D:\[praticaweb]\config\ceriale\tab\pe\parametri_view.tab --> ftp.praticaweb.it /tab/pe parametri_view.tab
2005.10.10 09:15 B D:\[praticaweb]\config\ceriale\tab\pe\pareri_edit.tab --> ftp.praticaweb.it /tab/pe pareri_edit.tab
2005.10.10 09:15 B D:\[praticaweb]\config\ceriale\tab\pe\pareri_new.tab --> ftp.praticaweb.it /tab/pe pareri_new.tab
2005.10.10 09:15 B D:\[praticaweb]\config\ceriale\tab\pe\pareri_view.tab --> ftp.praticaweb.it /tab/pe pareri_view.tab
2005.10.10 09:15 B D:\[praticaweb]\config\ceriale\tab\pe\progetto_edit.tab --> ftp.praticaweb.it /tab/pe progetto_edit.tab
2005.10.10 09:15 B D:\[praticaweb]\config\ceriale\tab\pe\progetto_view.tab --> ftp.praticaweb.it /tab/pe progetto_view.tab
2005.10.10 09:15 B D:\[praticaweb]\config\ceriale\tab\pe\proroga_edit.tab --> ftp.praticaweb.it /tab/pe proroga_edit.tab
2005.10.10 09:15 B D:\[praticaweb]\config\ceriale\tab\pe\proroga_view.tab --> ftp.praticaweb.it /tab/pe proroga_view.tab
2005.10.10 09:15 B D:\[praticaweb]\config\ceriale\tab\pe\ricerca.tab --> ftp.praticaweb.it /tab/pe ricerca.tab
2005.10.10 09:15 B D:\[praticaweb]\config\ceriale\tab\pe\ricerca_avanzata.tab --> ftp.praticaweb.it /tab/pe ricerca_avanzata.tab
2005.10.10 09:15 B D:\[praticaweb]\config\ceriale\tab\pe\richiedente_edit.tab --> ftp.praticaweb.it /tab/pe richiedente_edit.tab
2005.10.10 09:15 B D:\[praticaweb]\config\ceriale\tab\pe\richiedente_view.tab --> ftp.praticaweb.it /tab/pe richiedente_view.tab
2005.10.10 09:15 B D:\[praticaweb]\config\ceriale\tab\pe\richiedente_voltura_edit.tab --> ftp.praticaweb.it /tab/pe richiedente_voltura_edit.tab
2005.10.10 09:15 B D:\[praticaweb]\config\ceriale\tab\pe\riferimenti.tab --> ftp.praticaweb.it /tab/pe riferimenti.tab
2005.10.10 09:15 B D:\[praticaweb]\config\ceriale\tab\pe\riferimenti_obbligatori.tab --> ftp.praticaweb.it /tab/pe riferimenti_obbligatori.tab
2005.10.10 09:15 B D:\[praticaweb]\config\ceriale\tab\pe\soggetto_edit.tab --> ftp.praticaweb.it /tab/pe soggetto_edit.tab
2005.10.10 09:15 B D:\[praticaweb]\config\ceriale\tab\pe\soggetto_nuovo.tab --> ftp.praticaweb.it /tab/pe soggetto_nuovo.tab
2005.10.10 09:15 B D:\[praticaweb]\config\ceriale\tab\pe\soggetto_view.tab --> ftp.praticaweb.it /tab/pe soggetto_view.tab
2005.10.10 09:15 B D:\[praticaweb]\config\ceriale\tab\pe\sopralluoghi_edit.tab --> ftp.praticaweb.it /tab/pe sopralluoghi_edit.tab
2005.10.10 09:15 B D:\[praticaweb]\config\ceriale\tab\pe\sopralluoghi_view.tab --> ftp.praticaweb.it /tab/pe sopralluoghi_view.tab
2005.10.10 09:15 B D:\[praticaweb]\config\ceriale\tab\pe\tecnico_edit.tab --> ftp.praticaweb.it /tab/pe tecnico_edit.tab
2005.10.10 09:15 B D:\[praticaweb]\config\ceriale\tab\pe\tecnico_view.tab --> ftp.praticaweb.it /tab/pe tecnico_view.tab
2005.10.10 09:15 B D:\[praticaweb]\config\ceriale\tab\pe\tecnico_voltura_edit.tab --> ftp.praticaweb.it /tab/pe tecnico_voltura_edit.tab
2005.10.10 09:15 B D:\[praticaweb]\config\ceriale\tab\pe\titolo_edit.tab --> ftp.praticaweb.it /tab/pe titolo_edit.tab
2005.10.10 09:15 B D:\[praticaweb]\config\ceriale\tab\pe\titolo_view.tab --> ftp.praticaweb.it /tab/pe titolo_view.tab
2005.10.10 09:15 B D:\[praticaweb]\config\ceriale\tab\pe\voltura_edit.tab --> ftp.praticaweb.it /tab/pe voltura_edit.tab
2005.10.10 09:15 B D:\[praticaweb]\config\ceriale\tab\pe\voltura_view.tab --> ftp.praticaweb.it /tab/pe voltura_view.tab
