2005.10.03 18:47 B D:\[praticaweb]\config\ceriale\tab\ce\convocazione_edit.tab --> ftp.praticaweb.it /config/ceriale/tab/ce convocazione_edit.tab
2005.10.03 18:47 B D:\[praticaweb]\config\ceriale\tab\ce\convocazione_view.tab --> ftp.praticaweb.it /config/ceriale/tab/ce convocazione_view.tab
2005.10.03 18:47 B D:\[praticaweb]\config\ceriale\tab\ce\elenco_membri.tab --> ftp.praticaweb.it /config/ceriale/tab/ce elenco_membri.tab
2005.10.03 18:47 B D:\[praticaweb]\config\ceriale\tab\ce\esiti_commissione_edit.tab --> ftp.praticaweb.it /config/ceriale/tab/ce esiti_commissione_edit.tab
2005.10.03 18:47 B D:\[praticaweb]\config\ceriale\tab\ce\esiti_commissione_view.tab --> ftp.praticaweb.it /config/ceriale/tab/ce esiti_commissione_view.tab
2005.10.03 18:47 B D:\[praticaweb]\config\ceriale\tab\ce\membri_commissione_edit.tab --> ftp.praticaweb.it /config/ceriale/tab/ce membri_commissione_edit.tab
2005.10.03 18:48 B D:\[praticaweb]\config\ceriale\tab\ce\membri_commissione_view.tab --> ftp.praticaweb.it /config/ceriale/tab/ce membri_commissione_view.tab
2005.10.03 18:48 B D:\[praticaweb]\config\ceriale\tab\ce\non_membri_commissione_edit.tab --> ftp.praticaweb.it /config/ceriale/tab/ce non_membri_commissione_edit.tab
2005.10.03 18:48 B D:\[praticaweb]\config\ceriale\tab\ce\ordinegiorno_edit.tab --> ftp.praticaweb.it /config/ceriale/tab/ce ordinegiorno_edit.tab
2005.10.03 18:48 B D:\[praticaweb]\config\ceriale\tab\ce\ordinegiorno_find.tab --> ftp.praticaweb.it /config/ceriale/tab/ce ordinegiorno_find.tab
2005.10.03 18:48 B D:\[praticaweb]\config\ceriale\tab\ce\ordinegiorno_view.tab --> ftp.praticaweb.it /config/ceriale/tab/ce ordinegiorno_view.tab
2005.10.03 18:48 B D:\[praticaweb]\config\ceriale\tab\ce\ricerca_commissioni.tab --> ftp.praticaweb.it /config/ceriale/tab/ce ricerca_commissioni.tab
2005.10.03 18:48 B D:\[praticaweb]\config\ceriale\tab\ce\schedainfo_view.tab --> ftp.praticaweb.it /config/ceriale/tab/ce schedainfo_view.tab
2005.10.06 16:33 B C:\temp\config\ceriale\tab\ce\convocazione_edit.tab --> ftp.praticaweb.it /config/ceriale/tab/ce convocazione_edit.tab
2005.10.06 16:33 B C:\temp\config\ceriale\tab\ce\convocazione_view.tab --> ftp.praticaweb.it /config/ceriale/tab/ce convocazione_view.tab
2005.10.06 16:33 B C:\temp\config\ceriale\tab\ce\elenco_membri.tab --> ftp.praticaweb.it /config/ceriale/tab/ce elenco_membri.tab
2005.10.06 16:33 B C:\temp\config\ceriale\tab\ce\esiti_commissione_edit.tab --> ftp.praticaweb.it /config/ceriale/tab/ce esiti_commissione_edit.tab
2005.10.06 16:33 B C:\temp\config\ceriale\tab\ce\esiti_commissione_view.tab --> ftp.praticaweb.it /config/ceriale/tab/ce esiti_commissione_view.tab
2005.10.06 16:33 B C:\temp\config\ceriale\tab\ce\membri_commissione_edit.tab --> ftp.praticaweb.it /config/ceriale/tab/ce membri_commissione_edit.tab
2005.10.06 16:33 B C:\temp\config\ceriale\tab\ce\membri_commissione_view.tab --> ftp.praticaweb.it /config/ceriale/tab/ce membri_commissione_view.tab
2005.10.06 16:33 B C:\temp\config\ceriale\tab\ce\membri_edit.tab --> ftp.praticaweb.it /config/ceriale/tab/ce membri_edit.tab
2005.10.06 16:33 B C:\temp\config\ceriale\tab\ce\membri_view.tab --> ftp.praticaweb.it /config/ceriale/tab/ce membri_view.tab
2005.10.06 16:33 B C:\temp\config\ceriale\tab\ce\membri_viewall.tab --> ftp.praticaweb.it /config/ceriale/tab/ce membri_viewall.tab
2005.10.06 16:33 B C:\temp\config\ceriale\tab\ce\non_membri_commissione_edit.tab --> ftp.praticaweb.it /config/ceriale/tab/ce non_membri_commissione_edit.tab
2005.10.06 16:33 B C:\temp\config\ceriale\tab\ce\ordinegiorno_edit.tab --> ftp.praticaweb.it /config/ceriale/tab/ce ordinegiorno_edit.tab
2005.10.06 16:33 B C:\temp\config\ceriale\tab\ce\ordinegiorno_find.tab --> ftp.praticaweb.it /config/ceriale/tab/ce ordinegiorno_find.tab
2005.10.06 16:33 B C:\temp\config\ceriale\tab\ce\ordinegiorno_view.tab --> ftp.praticaweb.it /config/ceriale/tab/ce ordinegiorno_view.tab
2005.10.06 16:33 B C:\temp\config\ceriale\tab\ce\ricerca_commissioni.tab --> ftp.praticaweb.it /config/ceriale/tab/ce ricerca_commissioni.tab
2005.10.06 16:33 B C:\temp\config\ceriale\tab\ce\schedainfo_view.tab --> ftp.praticaweb.it /config/ceriale/tab/ce schedainfo_view.tab
2005.10.10 09:14 B D:\[praticaweb]\config\ceriale\tab\ce\convocazione_edit.tab --> ftp.praticaweb.it /tab/ce convocazione_edit.tab
2005.10.10 09:14 B D:\[praticaweb]\config\ceriale\tab\ce\convocazione_view.tab --> ftp.praticaweb.it /tab/ce convocazione_view.tab
2005.10.10 09:14 B D:\[praticaweb]\config\ceriale\tab\ce\elenco_membri.tab --> ftp.praticaweb.it /tab/ce elenco_membri.tab
2005.10.10 09:14 B D:\[praticaweb]\config\ceriale\tab\ce\esiti_commissione_edit.tab --> ftp.praticaweb.it /tab/ce esiti_commissione_edit.tab
2005.10.10 09:14 B D:\[praticaweb]\config\ceriale\tab\ce\esiti_commissione_view.tab --> ftp.praticaweb.it /tab/ce esiti_commissione_view.tab
2005.10.10 09:14 B D:\[praticaweb]\config\ceriale\tab\ce\membri_commissione_edit.tab --> ftp.praticaweb.it /tab/ce membri_commissione_edit.tab
2005.10.10 09:14 B D:\[praticaweb]\config\ceriale\tab\ce\membri_commissione_view.tab --> ftp.praticaweb.it /tab/ce membri_commissione_view.tab
2005.10.10 09:14 B D:\[praticaweb]\config\ceriale\tab\ce\membri_edit.tab --> ftp.praticaweb.it /tab/ce membri_edit.tab
2005.10.10 09:14 B D:\[praticaweb]\config\ceriale\tab\ce\membri_view.tab --> ftp.praticaweb.it /tab/ce membri_view.tab
2005.10.10 09:14 B D:\[praticaweb]\config\ceriale\tab\ce\membri_viewall.tab --> ftp.praticaweb.it /tab/ce membri_viewall.tab
2005.10.10 09:14 B D:\[praticaweb]\config\ceriale\tab\ce\non_membri_commissione_edit.tab --> ftp.praticaweb.it /tab/ce non_membri_commissione_edit.tab
2005.10.10 09:14 B D:\[praticaweb]\config\ceriale\tab\ce\ordinegiorno_edit.tab --> ftp.praticaweb.it /tab/ce ordinegiorno_edit.tab
2005.10.10 09:14 B D:\[praticaweb]\config\ceriale\tab\ce\ordinegiorno_find.tab --> ftp.praticaweb.it /tab/ce ordinegiorno_find.tab
2005.10.10 09:14 B D:\[praticaweb]\config\ceriale\tab\ce\ordinegiorno_view.tab --> ftp.praticaweb.it /tab/ce ordinegiorno_view.tab
2005.10.10 09:14 B D:\[praticaweb]\config\ceriale\tab\ce\ricerca_commissioni.tab --> ftp.praticaweb.it /tab/ce ricerca_commissioni.tab
2005.10.10 09:14 B D:\[praticaweb]\config\ceriale\tab\ce\schedainfo_view.tab --> ftp.praticaweb.it /tab/ce schedainfo_view.tab
