2005.10.03 18:48 B D:\[praticaweb]\config\ceriale\tab\oneri\calcolati_edit.tab --> ftp.praticaweb.it /config/ceriale/tab/oneri calcolati_edit.tab
2005.10.03 18:48 B D:\[praticaweb]\config\ceriale\tab\oneri\calcolati_view.tab --> ftp.praticaweb.it /config/ceriale/tab/oneri calcolati_view.tab
2005.10.03 18:48 B D:\[praticaweb]\config\ceriale\tab\oneri\fidi_edit.tab --> ftp.praticaweb.it /config/ceriale/tab/oneri fidi_edit.tab
2005.10.03 18:48 B D:\[praticaweb]\config\ceriale\tab\oneri\fidi_view.tab --> ftp.praticaweb.it /config/ceriale/tab/oneri fidi_view.tab
2005.10.03 18:48 B D:\[praticaweb]\config\ceriale\tab\oneri\importi_edit_calcolo.tab --> ftp.praticaweb.it /config/ceriale/tab/oneri importi_edit_calcolo.tab
2005.10.03 18:48 B D:\[praticaweb]\config\ceriale\tab\oneri\importi_edit_nocalcolo.tab --> ftp.praticaweb.it /config/ceriale/tab/oneri importi_edit_nocalcolo.tab
2005.10.03 18:48 B D:\[praticaweb]\config\ceriale\tab\oneri\importi_view.tab --> ftp.praticaweb.it /config/ceriale/tab/oneri importi_view.tab
2005.10.03 18:48 B D:\[praticaweb]\config\ceriale\tab\oneri\monetizzazione_edit.tab --> ftp.praticaweb.it /config/ceriale/tab/oneri monetizzazione_edit.tab
2005.10.03 18:48 B D:\[praticaweb]\config\ceriale\tab\oneri\monetizzazione_totali_view.tab --> ftp.praticaweb.it /config/ceriale/tab/oneri monetizzazione_totali_view.tab
2005.10.03 18:48 B D:\[praticaweb]\config\ceriale\tab\oneri\monetizzazione_view.tab --> ftp.praticaweb.it /config/ceriale/tab/oneri monetizzazione_view.tab
2005.10.03 18:48 B D:\[praticaweb]\config\ceriale\tab\oneri\rate_edit.tab --> ftp.praticaweb.it /config/ceriale/tab/oneri rate_edit.tab
2005.10.03 18:48 B D:\[praticaweb]\config\ceriale\tab\oneri\rate_imposta.tab --> ftp.praticaweb.it /config/ceriale/tab/oneri rate_imposta.tab
2005.10.03 18:48 B D:\[praticaweb]\config\ceriale\tab\oneri\rate_view.tab --> ftp.praticaweb.it /config/ceriale/tab/oneri rate_view.tab
2005.10.03 18:48 B D:\[praticaweb]\config\ceriale\tab\oneri\totali_view.tab --> ftp.praticaweb.it /config/ceriale/tab/oneri totali_view.tab
2005.10.06 16:33 B C:\temp\config\ceriale\tab\oneri\calcolati_edit.tab --> ftp.praticaweb.it /config/ceriale/tab/oneri calcolati_edit.tab
2005.10.06 16:33 B C:\temp\config\ceriale\tab\oneri\calcolati_view.tab --> ftp.praticaweb.it /config/ceriale/tab/oneri calcolati_view.tab
2005.10.06 16:33 B C:\temp\config\ceriale\tab\oneri\fidi_edit.tab --> ftp.praticaweb.it /config/ceriale/tab/oneri fidi_edit.tab
2005.10.06 16:33 B C:\temp\config\ceriale\tab\oneri\fidi_view.tab --> ftp.praticaweb.it /config/ceriale/tab/oneri fidi_view.tab
2005.10.06 16:33 B C:\temp\config\ceriale\tab\oneri\importi_edit_calcolo.tab --> ftp.praticaweb.it /config/ceriale/tab/oneri importi_edit_calcolo.tab
2005.10.06 16:33 B C:\temp\config\ceriale\tab\oneri\importi_edit_nocalcolo.tab --> ftp.praticaweb.it /config/ceriale/tab/oneri importi_edit_nocalcolo.tab
2005.10.06 16:33 B C:\temp\config\ceriale\tab\oneri\importi_view.tab --> ftp.praticaweb.it /config/ceriale/tab/oneri importi_view.tab
2005.10.06 16:33 B C:\temp\config\ceriale\tab\oneri\monetizzazione_edit.tab --> ftp.praticaweb.it /config/ceriale/tab/oneri monetizzazione_edit.tab
2005.10.06 16:33 B C:\temp\config\ceriale\tab\oneri\monetizzazione_totali_view.tab --> ftp.praticaweb.it /config/ceriale/tab/oneri monetizzazione_totali_view.tab
2005.10.06 16:33 B C:\temp\config\ceriale\tab\oneri\monetizzazione_view.tab --> ftp.praticaweb.it /config/ceriale/tab/oneri monetizzazione_view.tab
2005.10.06 16:33 B C:\temp\config\ceriale\tab\oneri\rate_edit.tab --> ftp.praticaweb.it /config/ceriale/tab/oneri rate_edit.tab
2005.10.06 16:33 B C:\temp\config\ceriale\tab\oneri\rate_imposta.tab --> ftp.praticaweb.it /config/ceriale/tab/oneri rate_imposta.tab
2005.10.06 16:33 B C:\temp\config\ceriale\tab\oneri\rate_view.tab --> ftp.praticaweb.it /config/ceriale/tab/oneri rate_view.tab
2005.10.06 16:33 B C:\temp\config\ceriale\tab\oneri\totali_view.tab --> ftp.praticaweb.it /config/ceriale/tab/oneri totali_view.tab
2005.10.10 09:14 B D:\[praticaweb]\config\ceriale\tab\oneri\calcolati_edit.tab --> ftp.praticaweb.it /tab/oneri calcolati_edit.tab
2005.10.10 09:14 B D:\[praticaweb]\config\ceriale\tab\oneri\calcolati_view.tab --> ftp.praticaweb.it /tab/oneri calcolati_view.tab
2005.10.10 09:14 B D:\[praticaweb]\config\ceriale\tab\oneri\fidi_edit.tab --> ftp.praticaweb.it /tab/oneri fidi_edit.tab
2005.10.10 09:14 B D:\[praticaweb]\config\ceriale\tab\oneri\fidi_view.tab --> ftp.praticaweb.it /tab/oneri fidi_view.tab
2005.10.10 09:14 B D:\[praticaweb]\config\ceriale\tab\oneri\importi_edit_calcolo.tab --> ftp.praticaweb.it /tab/oneri importi_edit_calcolo.tab
2005.10.10 09:14 B D:\[praticaweb]\config\ceriale\tab\oneri\importi_edit_nocalcolo.tab --> ftp.praticaweb.it /tab/oneri importi_edit_nocalcolo.tab
2005.10.10 09:14 B D:\[praticaweb]\config\ceriale\tab\oneri\importi_view.tab --> ftp.praticaweb.it /tab/oneri importi_view.tab
2005.10.10 09:14 B D:\[praticaweb]\config\ceriale\tab\oneri\monetizzazione_edit.tab --> ftp.praticaweb.it /tab/oneri monetizzazione_edit.tab
2005.10.10 09:14 B D:\[praticaweb]\config\ceriale\tab\oneri\monetizzazione_totali_view.tab --> ftp.praticaweb.it /tab/oneri monetizzazione_totali_view.tab
2005.10.10 09:14 B D:\[praticaweb]\config\ceriale\tab\oneri\monetizzazione_view.tab --> ftp.praticaweb.it /tab/oneri monetizzazione_view.tab
2005.10.10 09:14 B D:\[praticaweb]\config\ceriale\tab\oneri\rate_edit.tab --> ftp.praticaweb.it /tab/oneri rate_edit.tab
2005.10.10 09:14 B D:\[praticaweb]\config\ceriale\tab\oneri\rate_imposta.tab --> ftp.praticaweb.it /tab/oneri rate_imposta.tab
2005.10.10 09:14 B D:\[praticaweb]\config\ceriale\tab\oneri\rate_view.tab --> ftp.praticaweb.it /tab/oneri rate_view.tab
2005.10.10 09:14 B D:\[praticaweb]\config\ceriale\tab\oneri\totali_view.tab --> ftp.praticaweb.it /tab/oneri totali_view.tab
