2005.10.03 18:54 B D:\[praticaweb]\config\ceriale\tab_elenco\elenco_albi.tab --> ftp.praticaweb.it /config/ceriale/tab_elenco elenco_albi.tab
2005.10.03 18:54 B D:\[praticaweb]\config\ceriale\tab_elenco\elenco_bool.tab --> ftp.praticaweb.it /config/ceriale/tab_elenco elenco_bool.tab
2005.10.03 18:54 B D:\[praticaweb]\config\ceriale\tab_elenco\elenco_data.tab --> ftp.praticaweb.it /config/ceriale/tab_elenco elenco_data.tab
2005.10.03 18:54 B D:\[praticaweb]\config\ceriale\tab_elenco\elenco_iterdoc.tab --> ftp.praticaweb.it /config/ceriale/tab_elenco elenco_iterdoc.tab
2005.10.03 18:54 B D:\[praticaweb]\config\ceriale\tab_elenco\elenco_operedia.tab --> ftp.praticaweb.it /config/ceriale/tab_elenco elenco_operedia.tab
2005.10.03 18:54 B D:\[praticaweb]\config\ceriale\tab_elenco\elenco_permessi.tab --> ftp.praticaweb.it /config/ceriale/tab_elenco elenco_permessi.tab
2005.10.03 18:54 B D:\[praticaweb]\config\ceriale\tab_elenco\elenco_piani.tab --> ftp.praticaweb.it /config/ceriale/tab_elenco elenco_piani.tab
2005.10.03 18:54 B D:\[praticaweb]\config\ceriale\tab_elenco\elenco_prov.tab --> ftp.praticaweb.it /config/ceriale/tab_elenco elenco_prov.tab
2005.10.03 18:54 B D:\[praticaweb]\config\ceriale\tab_elenco\elenco_scadenza.tab --> ftp.praticaweb.it /config/ceriale/tab_elenco elenco_scadenza.tab
2005.10.03 18:54 B D:\[praticaweb]\config\ceriale\tab_elenco\elenco_sesso.tab --> ftp.praticaweb.it /config/ceriale/tab_elenco elenco_sesso.tab
2005.10.03 18:54 B D:\[praticaweb]\config\ceriale\tab_elenco\elenco_sezioni.tab --> ftp.praticaweb.it /config/ceriale/tab_elenco elenco_sezioni.tab
2005.10.03 18:54 B D:\[praticaweb]\config\ceriale\tab_elenco\elenco_tit.tab --> ftp.praticaweb.it /config/ceriale/tab_elenco elenco_tit.tab
2005.10.03 18:54 B D:\[praticaweb]\config\ceriale\tab_elenco\elenco_vie.tab --> ftp.praticaweb.it /config/ceriale/tab_elenco elenco_vie.tab
2005.10.03 18:54 B D:\[praticaweb]\config\ceriale\tab_elenco\elenco_vuoto.tab --> ftp.praticaweb.it /config/ceriale/tab_elenco elenco_vuoto.tab
2005.10.03 18:54 B D:\[praticaweb]\config\ceriale\tab_elenco\test.tab --> ftp.praticaweb.it /config/ceriale/tab_elenco test.tab
2005.10.03 18:54 B D:\[praticaweb]\config\ceriale\tab_elenco\tipo_asservimento.tab --> ftp.praticaweb.it /config/ceriale/tab_elenco tipo_asservimento.tab
2005.10.03 18:54 B D:\[praticaweb]\config\ceriale\tab_elenco\tipo_uso.tab --> ftp.praticaweb.it /config/ceriale/tab_elenco tipo_uso.tab
2005.10.06 16:35 B C:\temp\config\ceriale\tab_elenco\elenco_albi.tab --> ftp.praticaweb.it /config/ceriale/tab_elenco elenco_albi.tab
2005.10.06 16:35 B C:\temp\config\ceriale\tab_elenco\elenco_bool.tab --> ftp.praticaweb.it /config/ceriale/tab_elenco elenco_bool.tab
2005.10.06 16:35 B C:\temp\config\ceriale\tab_elenco\elenco_data.tab --> ftp.praticaweb.it /config/ceriale/tab_elenco elenco_data.tab
2005.10.06 16:35 B C:\temp\config\ceriale\tab_elenco\elenco_iterdoc.tab --> ftp.praticaweb.it /config/ceriale/tab_elenco elenco_iterdoc.tab
2005.10.06 16:35 B C:\temp\config\ceriale\tab_elenco\elenco_operedia.tab --> ftp.praticaweb.it /config/ceriale/tab_elenco elenco_operedia.tab
2005.10.06 16:35 B C:\temp\config\ceriale\tab_elenco\elenco_permessi.tab --> ftp.praticaweb.it /config/ceriale/tab_elenco elenco_permessi.tab
2005.10.06 16:35 B C:\temp\config\ceriale\tab_elenco\elenco_piani.tab --> ftp.praticaweb.it /config/ceriale/tab_elenco elenco_piani.tab
2005.10.06 16:36 B C:\temp\config\ceriale\tab_elenco\elenco_prov.tab --> ftp.praticaweb.it /config/ceriale/tab_elenco elenco_prov.tab
2005.10.06 16:36 B C:\temp\config\ceriale\tab_elenco\elenco_scadenza.tab --> ftp.praticaweb.it /config/ceriale/tab_elenco elenco_scadenza.tab
2005.10.06 16:36 B C:\temp\config\ceriale\tab_elenco\elenco_sesso.tab --> ftp.praticaweb.it /config/ceriale/tab_elenco elenco_sesso.tab
2005.10.06 16:36 B C:\temp\config\ceriale\tab_elenco\elenco_sezioni.tab --> ftp.praticaweb.it /config/ceriale/tab_elenco elenco_sezioni.tab
2005.10.06 16:36 B C:\temp\config\ceriale\tab_elenco\elenco_tit.tab --> ftp.praticaweb.it /config/ceriale/tab_elenco elenco_tit.tab
2005.10.06 16:36 B C:\temp\config\ceriale\tab_elenco\elenco_vie.tab --> ftp.praticaweb.it /config/ceriale/tab_elenco elenco_vie.tab
2005.10.06 16:36 B C:\temp\config\ceriale\tab_elenco\elenco_vuoto.tab --> ftp.praticaweb.it /config/ceriale/tab_elenco elenco_vuoto.tab
2005.10.06 16:36 B C:\temp\config\ceriale\tab_elenco\test.tab --> ftp.praticaweb.it /config/ceriale/tab_elenco test.tab
2005.10.06 16:36 B C:\temp\config\ceriale\tab_elenco\tipo_asservimento.tab --> ftp.praticaweb.it /config/ceriale/tab_elenco tipo_asservimento.tab
2005.10.06 16:36 B C:\temp\config\ceriale\tab_elenco\tipo_uso.tab --> ftp.praticaweb.it /config/ceriale/tab_elenco tipo_uso.tab
