2005.10.03 18:47 B D:\[praticaweb]\config\ceriale\tab\cdu\mappali_edit.tab --> ftp.praticaweb.it /config/ceriale/tab/cdu mappali_edit.tab
2005.10.03 18:47 B D:\[praticaweb]\config\ceriale\tab\cdu\mappali_new.tab --> ftp.praticaweb.it /config/ceriale/tab/cdu mappali_new.tab
2005.10.03 18:47 B D:\[praticaweb]\config\ceriale\tab\cdu\mappali_view.tab --> ftp.praticaweb.it /config/ceriale/tab/cdu mappali_view.tab
2005.10.03 18:47 B D:\[praticaweb]\config\ceriale\tab\cdu\ricerca.tab --> ftp.praticaweb.it /config/ceriale/tab/cdu ricerca.tab
2005.10.03 18:47 B D:\[praticaweb]\config\ceriale\tab\cdu\richiesta_edit.tab --> ftp.praticaweb.it /config/ceriale/tab/cdu richiesta_edit.tab
2005.10.03 18:47 B D:\[praticaweb]\config\ceriale\tab\cdu\richiesta_view.tab --> ftp.praticaweb.it /config/ceriale/tab/cdu richiesta_view.tab
2005.10.03 18:47 B D:\[praticaweb]\config\ceriale\tab\cdu\zone_mappale_edit.tab --> ftp.praticaweb.it /config/ceriale/tab/cdu zone_mappale_edit.tab
2005.10.03 18:47 B D:\[praticaweb]\config\ceriale\tab\cdu\zone_mappale_new.tab --> ftp.praticaweb.it /config/ceriale/tab/cdu zone_mappale_new.tab
2005.10.06 16:32 B C:\temp\config\ceriale\tab\cdu\mappali_edit.tab --> ftp.praticaweb.it /config/ceriale/tab/cdu mappali_edit.tab
2005.10.06 16:32 B C:\temp\config\ceriale\tab\cdu\mappali_new.tab --> ftp.praticaweb.it /config/ceriale/tab/cdu mappali_new.tab
2005.10.06 16:32 B C:\temp\config\ceriale\tab\cdu\mappali_view.tab --> ftp.praticaweb.it /config/ceriale/tab/cdu mappali_view.tab
2005.10.06 16:32 B C:\temp\config\ceriale\tab\cdu\ricerca.tab --> ftp.praticaweb.it /config/ceriale/tab/cdu ricerca.tab
2005.10.06 16:32 B C:\temp\config\ceriale\tab\cdu\richiesta_edit.tab --> ftp.praticaweb.it /config/ceriale/tab/cdu richiesta_edit.tab
2005.10.06 16:32 B C:\temp\config\ceriale\tab\cdu\richiesta_view.tab --> ftp.praticaweb.it /config/ceriale/tab/cdu richiesta_view.tab
2005.10.06 16:32 B C:\temp\config\ceriale\tab\cdu\stampa.tab --> ftp.praticaweb.it /config/ceriale/tab/cdu stampa.tab
2005.10.10 09:14 B D:\[praticaweb]\config\ceriale\tab\cdu\mappali_edit.tab --> ftp.praticaweb.it /tab/cdu mappali_edit.tab
2005.10.10 09:14 B D:\[praticaweb]\config\ceriale\tab\cdu\mappali_new.tab --> ftp.praticaweb.it /tab/cdu mappali_new.tab
2005.10.10 09:14 B D:\[praticaweb]\config\ceriale\tab\cdu\mappali_view.tab --> ftp.praticaweb.it /tab/cdu mappali_view.tab
2005.10.10 09:14 B D:\[praticaweb]\config\ceriale\tab\cdu\ricerca.tab --> ftp.praticaweb.it /tab/cdu ricerca.tab
2005.10.10 09:14 B D:\[praticaweb]\config\ceriale\tab\cdu\richiesta_edit.tab --> ftp.praticaweb.it /tab/cdu richiesta_edit.tab
2005.10.10 09:14 B D:\[praticaweb]\config\ceriale\tab\cdu\richiesta_view.tab --> ftp.praticaweb.it /tab/cdu richiesta_view.tab
2005.10.10 09:14 B D:\[praticaweb]\config\ceriale\tab\cdu\stampa.tab --> ftp.praticaweb.it /tab/cdu stampa.tab
